2022-08-01 11:43:18.880  WARN 14440 --- [restartedMain] JpaBaseConfiguration$JpaWebConfiguration : spring.jpa.open-in-view is enabled by default. Therefore, database queries may be performed during view rendering. Explicitly configure spring.jpa.open-in-view to disable this warning
2022-08-01 11:46:06.344  INFO 16060 --- [restartedMain] c.b.a.AddressBookAppApplication          : Starting AddressBookAppApplication using Java 11.0.10 on LAPTOP-3PCP8SDM with PID 16060 (N:\! daily class CFP\2. Spring intro\AddressBookApp\target\classes started by nk400 in N:\! daily class CFP\2. Spring intro\AddressBookApp)
2022-08-01 11:46:06.348 DEBUG 16060 --- [restartedMain] c.b.a.AddressBookAppApplication          : Running with Spring Boot v2.7.2, Spring v5.3.22
2022-08-01 11:46:06.350  INFO 16060 --- [restartedMain] c.b.a.AddressBookAppApplication          : No active profile set, falling back to 1 default profile: "default"
2022-08-01 11:46:10.371  WARN 16060 --- [restartedMain] JpaBaseConfiguration$JpaWebConfiguration : spring.jpa.open-in-view is enabled by default. Therefore, database queries may be performed during view rendering. Explicitly configure spring.jpa.open-in-view to disable this warning
2022-08-01 11:46:11.121  INFO 16060 --- [restartedMain] c.b.a.AddressBookAppApplication          : Started AddressBookAppApplication in 5.822 seconds (JVM running for 7.843)
2022-08-01 11:46:11.125  INFO 16060 --- [restartedMain] c.b.a.AddressBookAppApplication          : Employee Payroll Application Started in COMMON Environment
2022-08-01 12:19:18.226  INFO 948 --- [restartedMain] c.b.a.AddressBookAppApplication          : Starting AddressBookAppApplication using Java 11.0.10 on LAPTOP-3PCP8SDM with PID 948 (N:\! daily class CFP\2. Spring intro\AddressBookApp\target\classes started by nk400 in N:\! daily class CFP\2. Spring intro\AddressBookApp)
2022-08-01 12:19:18.229 DEBUG 948 --- [restartedMain] c.b.a.AddressBookAppApplication          : Running with Spring Boot v2.7.2, Spring v5.3.22
2022-08-01 12:19:18.230  INFO 948 --- [restartedMain] c.b.a.AddressBookAppApplication          : No active profile set, falling back to 1 default profile: "default"
2022-08-01 12:19:22.585  WARN 948 --- [restartedMain] JpaBaseConfiguration$JpaWebConfiguration : spring.jpa.open-in-view is enabled by default. Therefore, database queries may be performed during view rendering. Explicitly configure spring.jpa.open-in-view to disable this warning
2022-08-01 12:19:23.175  INFO 948 --- [restartedMain] c.b.a.AddressBookAppApplication          : Started AddressBookAppApplication in 5.757 seconds (JVM running for 7.766)
2022-08-01 12:19:23.178  INFO 948 --- [restartedMain] c.b.a.AddressBookAppApplication          : Address Book Application Started in COMMON Environment
2022-08-01 12:20:52.830  INFO 10088 --- [restartedMain] c.b.a.AddressBookAppApplication          : Starting AddressBookAppApplication using Java 11.0.10 on LAPTOP-3PCP8SDM with PID 10088 (N:\! daily class CFP\2. Spring intro\AddressBookApp\target\classes started by nk400 in N:\! daily class CFP\2. Spring intro\AddressBookApp)
2022-08-01 12:20:52.834  INFO 10088 --- [restartedMain] c.b.a.AddressBookAppApplication          : No active profile set, falling back to 1 default profile: "default"
2022-08-01 12:20:52.967  INFO 10088 --- [restartedMain] .e.DevToolsPropertyDefaultsPostProcessor : Devtools property defaults active! Set 'spring.devtools.add-properties' to 'false' to disable
2022-08-01 12:20:52.968  INFO 10088 --- [restartedMain] .e.DevToolsPropertyDefaultsPostProcessor : For additional web related logging consider setting the 'logging.level.web' property to 'DEBUG'
2022-08-01 12:20:55.861  INFO 10088 --- [restartedMain] .s.d.r.c.RepositoryConfigurationDelegate : Bootstrapping Spring Data JPA repositories in DEFAULT mode.
2022-08-01 12:20:55.914  INFO 10088 --- [restartedMain] .s.d.r.c.RepositoryConfigurationDelegate : Finished Spring Data repository scanning in 21 ms. Found 0 JPA repository interfaces.
2022-08-01 12:20:58.879  INFO 10088 --- [restartedMain] o.s.b.w.embedded.tomcat.TomcatWebServer  : Tomcat initialized with port(s): 8080 (http)
2022-08-01 12:20:58.881  INFO 10088 --- [restartedMain] o.a.catalina.core.AprLifecycleListener   : Loaded Apache Tomcat Native library [1.2.35] using APR version [1.7.0].
2022-08-01 12:20:58.881  INFO 10088 --- [restartedMain] o.a.catalina.core.AprLifecycleListener   : APR capabilities: IPv6 [true], sendfile [true], accept filters [false], random [true], UDS [true].
2022-08-01 12:20:58.881  INFO 10088 --- [restartedMain] o.a.catalina.core.AprLifecycleListener   : APR/OpenSSL configuration: useAprConnector [false], useOpenSSL [true]
2022-08-01 12:20:58.888  INFO 10088 --- [restartedMain] o.a.catalina.core.AprLifecycleListener   : OpenSSL successfully initialized [OpenSSL 1.1.1q  5 Jul 2022]
2022-08-01 12:20:58.900  INFO 10088 --- [restartedMain] o.apache.catalina.core.StandardService   : Starting service [Tomcat]
2022-08-01 12:20:58.901  INFO 10088 --- [restartedMain] org.apache.catalina.core.StandardEngine  : Starting Servlet engine: [Apache Tomcat/9.0.65]
2022-08-01 12:20:59.079  INFO 10088 --- [restartedMain] o.a.c.c.C.[Tomcat].[localhost].[/]       : Initializing Spring embedded WebApplicationContext
2022-08-01 12:20:59.080  INFO 10088 --- [restartedMain] w.s.c.ServletWebServerApplicationContext : Root WebApplicationContext: initialization completed in 6109 ms
2022-08-01 12:20:59.596  INFO 10088 --- [restartedMain] com.zaxxer.hikari.HikariDataSource       : HikariPool-1 - Starting...
2022-08-01 12:21:01.301  INFO 10088 --- [restartedMain] com.zaxxer.hikari.HikariDataSource       : HikariPool-1 - Start completed.
2022-08-01 12:21:01.644  INFO 10088 --- [restartedMain] o.hibernate.jpa.internal.util.LogHelper  : HHH000204: Processing PersistenceUnitInfo [name: default]
2022-08-01 12:21:02.086  INFO 10088 --- [restartedMain] org.hibernate.Version                    : HHH000412: Hibernate ORM core version 5.6.10.Final
2022-08-01 12:21:02.863  INFO 10088 --- [restartedMain] o.hibernate.annotations.common.Version   : HCANN000001: Hibernate Commons Annotations {5.1.2.Final}
2022-08-01 12:21:03.052  INFO 10088 --- [restartedMain] org.hibernate.dialect.Dialect            : HHH000400: Using dialect: org.hibernate.dialect.MySQL8Dialect
2022-08-01 12:21:03.280  INFO 10088 --- [restartedMain] o.h.e.t.j.p.i.JtaPlatformInitiator       : HHH000490: Using JtaPlatform implementation: [org.hibernate.engine.transaction.jta.platform.internal.NoJtaPlatform]
2022-08-01 12:21:03.294  INFO 10088 --- [restartedMain] j.LocalContainerEntityManagerFactoryBean : Initialized JPA EntityManagerFactory for persistence unit 'default'
2022-08-01 12:21:03.392  WARN 10088 --- [restartedMain] JpaBaseConfiguration$JpaWebConfiguration : spring.jpa.open-in-view is enabled by default. Therefore, database queries may be performed during view rendering. Explicitly configure spring.jpa.open-in-view to disable this warning
2022-08-01 12:21:03.931  INFO 10088 --- [restartedMain] o.s.b.d.a.OptionalLiveReloadServer       : LiveReload server is running on port 35729
2022-08-01 12:21:03.985  INFO 10088 --- [restartedMain] o.s.b.w.embedded.tomcat.TomcatWebServer  : Tomcat started on port(s): 8080 (http) with context path ''
2022-08-01 12:21:03.998  INFO 10088 --- [restartedMain] c.b.a.AddressBookAppApplication          : Started AddressBookAppApplication in 12.08 seconds (JVM running for 14.066)
2022-08-01 12:21:04.001  INFO 10088 --- [restartedMain] c.b.a.AddressBookAppApplication          : Address Book Application Started in COMMON Environment
2022-08-01 12:22:27.328  INFO 10088 --- [SpringApplicationShutdownHook] j.LocalContainerEntityManagerFactoryBean : Closing JPA EntityManagerFactory for persistence unit 'default'
2022-08-01 12:22:27.334  INFO 10088 --- [SpringApplicationShutdownHook] com.zaxxer.hikari.HikariDataSource       : HikariPool-1 - Shutdown initiated...
2022-08-01 12:22:27.350  INFO 10088 --- [SpringApplicationShutdownHook] com.zaxxer.hikari.HikariDataSource       : HikariPool-1 - Shutdown completed.
2022-08-01 12:22:40.292  INFO 15848 --- [restartedMain] c.b.a.AddressBookAppApplication          : Starting AddressBookAppApplication using Java 11.0.10 on LAPTOP-3PCP8SDM with PID 15848 (N:\! daily class CFP\2. Spring intro\AddressBookApp\target\classes started by nk400 in N:\! daily class CFP\2. Spring intro\AddressBookApp)
2022-08-01 12:22:40.298  INFO 15848 --- [restartedMain] c.b.a.AddressBookAppApplication          : No active profile set, falling back to 1 default profile: "default"
2022-08-01 12:22:40.460  INFO 15848 --- [restartedMain] .e.DevToolsPropertyDefaultsPostProcessor : Devtools property defaults active! Set 'spring.devtools.add-properties' to 'false' to disable
2022-08-01 12:22:40.461  INFO 15848 --- [restartedMain] .e.DevToolsPropertyDefaultsPostProcessor : For additional web related logging consider setting the 'logging.level.web' property to 'DEBUG'
2022-08-01 12:22:41.627  INFO 15848 --- [restartedMain] .s.d.r.c.RepositoryConfigurationDelegate : Bootstrapping Spring Data JPA repositories in DEFAULT mode.
2022-08-01 12:22:41.663  INFO 15848 --- [restartedMain] .s.d.r.c.RepositoryConfigurationDelegate : Finished Spring Data repository scanning in 14 ms. Found 0 JPA repository interfaces.
2022-08-01 12:22:42.903  INFO 15848 --- [restartedMain] o.s.b.w.embedded.tomcat.TomcatWebServer  : Tomcat initialized with port(s): 8080 (http)
2022-08-01 12:22:42.906  INFO 15848 --- [restartedMain] o.a.catalina.core.AprLifecycleListener   : Loaded Apache Tomcat Native library [1.2.35] using APR version [1.7.0].
2022-08-01 12:22:42.907  INFO 15848 --- [restartedMain] o.a.catalina.core.AprLifecycleListener   : APR capabilities: IPv6 [true], sendfile [true], accept filters [false], random [true], UDS [true].
2022-08-01 12:22:42.907  INFO 15848 --- [restartedMain] o.a.catalina.core.AprLifecycleListener   : APR/OpenSSL configuration: useAprConnector [false], useOpenSSL [true]
2022-08-01 12:22:42.916  INFO 15848 --- [restartedMain] o.a.catalina.core.AprLifecycleListener   : OpenSSL successfully initialized [OpenSSL 1.1.1q  5 Jul 2022]
2022-08-01 12:22:42.936  INFO 15848 --- [restartedMain] o.apache.catalina.core.StandardService   : Starting service [Tomcat]
2022-08-01 12:22:42.937  INFO 15848 --- [restartedMain] org.apache.catalina.core.StandardEngine  : Starting Servlet engine: [Apache Tomcat/9.0.65]
2022-08-01 12:22:43.282  INFO 15848 --- [restartedMain] o.a.c.c.C.[Tomcat].[localhost].[/]       : Initializing Spring embedded WebApplicationContext
2022-08-01 12:22:43.283  INFO 15848 --- [restartedMain] w.s.c.ServletWebServerApplicationContext : Root WebApplicationContext: initialization completed in 2819 ms
2022-08-01 12:22:43.532  INFO 15848 --- [restartedMain] com.zaxxer.hikari.HikariDataSource       : HikariPool-1 - Starting...
2022-08-01 12:22:44.298  INFO 15848 --- [restartedMain] com.zaxxer.hikari.HikariDataSource       : HikariPool-1 - Start completed.
2022-08-01 12:22:44.393  INFO 15848 --- [restartedMain] o.hibernate.jpa.internal.util.LogHelper  : HHH000204: Processing PersistenceUnitInfo [name: default]
2022-08-01 12:22:44.575  INFO 15848 --- [restartedMain] org.hibernate.Version                    : HHH000412: Hibernate ORM core version 5.6.10.Final
2022-08-01 12:22:44.978  INFO 15848 --- [restartedMain] o.hibernate.annotations.common.Version   : HCANN000001: Hibernate Commons Annotations {5.1.2.Final}
2022-08-01 12:22:45.237  INFO 15848 --- [restartedMain] org.hibernate.dialect.Dialect            : HHH000400: Using dialect: org.hibernate.dialect.MySQL8Dialect
2022-08-01 12:22:45.665  INFO 15848 --- [restartedMain] o.h.e.t.j.p.i.JtaPlatformInitiator       : HHH000490: Using JtaPlatform implementation: [org.hibernate.engine.transaction.jta.platform.internal.NoJtaPlatform]
2022-08-01 12:22:45.698  INFO 15848 --- [restartedMain] j.LocalContainerEntityManagerFactoryBean : Initialized JPA EntityManagerFactory for persistence unit 'default'
2022-08-01 12:22:45.863  WARN 15848 --- [restartedMain] JpaBaseConfiguration$JpaWebConfiguration : spring.jpa.open-in-view is enabled by default. Therefore, database queries may be performed during view rendering. Explicitly configure spring.jpa.open-in-view to disable this warning
2022-08-01 12:22:46.480  INFO 15848 --- [restartedMain] o.s.b.d.a.OptionalLiveReloadServer       : LiveReload server is running on port 35729
2022-08-01 12:22:46.542  INFO 15848 --- [restartedMain] o.s.b.w.embedded.tomcat.TomcatWebServer  : Tomcat started on port(s): 8080 (http) with context path ''
2022-08-01 12:22:46.563  INFO 15848 --- [restartedMain] c.b.a.AddressBookAppApplication          : Started AddressBookAppApplication in 7.196 seconds (JVM running for 9.598)
2022-08-01 12:22:46.573  INFO 15848 --- [restartedMain] c.b.a.AddressBookAppApplication          : Address Book Application Started in COMMON Environment
2022-08-01 12:22:46.573  INFO 15848 --- [restartedMain] c.b.a.AddressBookAppApplication          : Address Book DB User is root
2022-08-01 12:25:21.713  INFO 15848 --- [SpringApplicationShutdownHook] j.LocalContainerEntityManagerFactoryBean : Closing JPA EntityManagerFactory for persistence unit 'default'
2022-08-01 12:25:21.750  INFO 15848 --- [SpringApplicationShutdownHook] com.zaxxer.hikari.HikariDataSource       : HikariPool-1 - Shutdown initiated...
2022-08-01 12:25:21.812  INFO 15848 --- [SpringApplicationShutdownHook] com.zaxxer.hikari.HikariDataSource       : HikariPool-1 - Shutdown completed.
2022-08-01 12:25:34.455  INFO 17244 --- [restartedMain] c.b.a.AddressBookAppApplication          : Starting AddressBookAppApplication using Java 11.0.10 on LAPTOP-3PCP8SDM with PID 17244 (N:\! daily class CFP\2. Spring intro\AddressBookApp\target\classes started by nk400 in N:\! daily class CFP\2. Spring intro\AddressBookApp)
2022-08-01 12:25:34.549 DEBUG 17244 --- [restartedMain] c.b.a.AddressBookAppApplication          : Running with Spring Boot v2.7.2, Spring v5.3.22
2022-08-01 12:25:34.550  INFO 17244 --- [restartedMain] c.b.a.AddressBookAppApplication          : The following 1 profile is active: "dev"
2022-08-01 12:25:39.963  WARN 17244 --- [restartedMain] JpaBaseConfiguration$JpaWebConfiguration : spring.jpa.open-in-view is enabled by default. Therefore, database queries may be performed during view rendering. Explicitly configure spring.jpa.open-in-view to disable this warning
2022-08-01 12:25:40.572  INFO 17244 --- [restartedMain] c.b.a.AddressBookAppApplication          : Started AddressBookAppApplication in 7.198 seconds (JVM running for 10.492)
2022-08-01 12:25:40.578  INFO 17244 --- [restartedMain] c.b.a.AddressBookAppApplication          : Address Book Application Started in dev Environment
2022-08-01 12:25:40.579  INFO 17244 --- [restartedMain] c.b.a.AddressBookAppApplication          : Address Book DB User is root
2022-08-01 12:26:52.584  INFO 19280 --- [restartedMain] c.b.a.AddressBookAppApplication          : Starting AddressBookAppApplication using Java 11.0.10 on LAPTOP-3PCP8SDM with PID 19280 (N:\! daily class CFP\2. Spring intro\AddressBookApp\target\classes started by nk400 in N:\! daily class CFP\2. Spring intro\AddressBookApp)
2022-08-01 12:26:52.590 DEBUG 19280 --- [restartedMain] c.b.a.AddressBookAppApplication          : Running with Spring Boot v2.7.2, Spring v5.3.22
2022-08-01 12:26:52.593  INFO 19280 --- [restartedMain] c.b.a.AddressBookAppApplication          : The following 1 profile is active: "dev"
2022-08-01 12:26:57.200  WARN 19280 --- [restartedMain] JpaBaseConfiguration$JpaWebConfiguration : spring.jpa.open-in-view is enabled by default. Therefore, database queries may be performed during view rendering. Explicitly configure spring.jpa.open-in-view to disable this warning
2022-08-01 12:26:57.855  INFO 19280 --- [restartedMain] c.b.a.AddressBookAppApplication          : Started AddressBookAppApplication in 6.099 seconds (JVM running for 8.315)
2022-08-01 12:26:57.862  INFO 19280 --- [restartedMain] c.b.a.AddressBookAppApplication          : Address Book Application Started in dev Environment
2022-08-01 12:29:18.770  INFO 17168 --- [restartedMain] c.b.a.AddressBookAppApplication          : Starting AddressBookAppApplication using Java 11.0.10 on LAPTOP-3PCP8SDM with PID 17168 (N:\! daily class CFP\2. Spring intro\AddressBookApp\target\classes started by nk400 in N:\! daily class CFP\2. Spring intro\AddressBookApp)
2022-08-01 12:29:18.775 DEBUG 17168 --- [restartedMain] c.b.a.AddressBookAppApplication          : Running with Spring Boot v2.7.2, Spring v5.3.22
2022-08-01 12:29:18.777  INFO 17168 --- [restartedMain] c.b.a.AddressBookAppApplication          : The following 1 profile is active: "dev"
2022-08-01 12:29:22.560  WARN 17168 --- [restartedMain] JpaBaseConfiguration$JpaWebConfiguration : spring.jpa.open-in-view is enabled by default. Therefore, database queries may be performed during view rendering. Explicitly configure spring.jpa.open-in-view to disable this warning
2022-08-01 12:29:23.107  INFO 17168 --- [restartedMain] c.b.a.AddressBookAppApplication          : Started AddressBookAppApplication in 5.074 seconds (JVM running for 6.937)
2022-08-01 12:29:23.114  INFO 17168 --- [restartedMain] c.b.a.AddressBookAppApplication          : Address Book Application Started in dev Environment
